[debug] [2025-01-01T20:27:38.556Z] ----------------------------------------------------------------------
[debug] [2025-01-01T20:27:38.559Z] Command:       C:\Program Files\nodejs\node.exe C:\Users\Smdas\AppData\Roaming\npm\node_modules\firebase-tools\lib\bin\firebase.js init
[debug] [2025-01-01T20:27:38.559Z] CLI Version:   13.29.1
[debug] [2025-01-01T20:27:38.559Z] Platform:      win32
[debug] [2025-01-01T20:27:38.559Z] Node Version:  v20.12.1
[debug] [2025-01-01T20:27:38.559Z] Time:          Thu Jan 02 2025 01:57:38 GMT+0530 (India Standard Time)
[debug] [2025-01-01T20:27:38.559Z] ----------------------------------------------------------------------
[debug] 
[debug] [2025-01-01T20:27:38.563Z] >>> [apiv2][query] GET https://firebase-public.firebaseio.com/cli.json [none]
[debug] [2025-01-01T20:27:38.676Z] > command requires scopes: ["email","openid","https://www.googleapis.com/auth/cloudplatformprojects.readonly","https://www.googleapis.com/auth/firebase","https://www.googleapis.com/auth/cloud-platform"]
[debug] [2025-01-01T20:27:38.676Z] > authorizing via signed-in user (ankitdasamd@gmail.com)
[info] 
     ######## #### ########  ######## ########     ###     ######  ########
     ##        ##  ##     ## ##       ##     ##  ##   ##  ##       ##
     ######    ##  ########  ######   ########  #########  ######  ######
     ##        ##  ##    ##  ##       ##     ## ##     ##       ## ##
     ##       #### ##     ## ######## ########  ##     ##  ######  ########

You're about to initialize a Firebase project in this directory:

  D:\AMD DRIVE\Projects\Prathistha\prathistha

Before we get started, keep in mind:

  * You are initializing within an existing Firebase project directory

[debug] [2025-01-01T20:27:39.253Z] <<< [apiv2][status] GET https://firebase-public.firebaseio.com/cli.json 200
[debug] [2025-01-01T20:27:39.253Z] <<< [apiv2][body] GET https://firebase-public.firebaseio.com/cli.json {"cloudBuildErrorAfter":1594252800000,"cloudBuildWarnAfter":1590019200000,"defaultNode10After":1594252800000,"minVersion":"3.0.5","node8DeploysDisabledAfter":1613390400000,"node8RuntimeDisabledAfter":1615809600000,"node8WarnAfter":1600128000000}
[info] 
=== Project Setup
[info] 
[info] First, let's associate this project directory with a Firebase project.
[info] You can create multiple project aliases by running firebase use --add, 
[info] but for now we'll just set up a default project.
[info] 
[debug] [2025-01-01T20:29:14.325Z] Using project from CLI flag: pratishtha-web-app
[debug] [2025-01-01T20:29:14.326Z] Checked if tokens are valid: false, expires at: 1734415313980
[debug] [2025-01-01T20:29:14.326Z] Checked if tokens are valid: false, expires at: 1734415313980
[debug] [2025-01-01T20:29:14.326Z] > refreshing access token with scopes: []
[debug] [2025-01-01T20:29:14.327Z] >>> [apiv2][query] POST https://www.googleapis.com/oauth2/v3/token [none]
[debug] [2025-01-01T20:29:14.327Z] >>> [apiv2][body] POST https://www.googleapis.com/oauth2/v3/token [omitted]
[debug] [2025-01-01T20:29:14.489Z] <<< [apiv2][status] POST https://www.googleapis.com/oauth2/v3/token 200
[debug] [2025-01-01T20:29:14.489Z] <<< [apiv2][body] POST https://www.googleapis.com/oauth2/v3/token [omitted]
[debug] [2025-01-01T20:29:14.495Z] >>> [apiv2][query] GET https://firebase.googleapis.com/v1beta1/projects/pratishtha-web-app [none]
[debug] [2025-01-01T20:29:15.194Z] <<< [apiv2][status] GET https://firebase.googleapis.com/v1beta1/projects/pratishtha-web-app 200
[debug] [2025-01-01T20:29:15.194Z] <<< [apiv2][body] GET https://firebase.googleapis.com/v1beta1/projects/pratishtha-web-app {"projectId":"pratishtha-web-app","projectNumber":"109707824816","displayName":"Pratishtha Web App ","name":"projects/pratishtha-web-app","resources":{"hostingSite":"pratishtha-web-app","realtimeDatabaseInstance":"pratishtha-web-app-default-rtdb","storageBucket":"pratishtha-web-app.appspot.com","locationId":"asia-south1"},"state":"ACTIVE","etag":"1_2327ccbb-3c83-4439-9270-bdeee2f1c593"}
[info] i  Using project pratishtha-web-app (Pratishtha Web App ) 
[info] 
=== Storage Setup
[info] 
[info] Firebase Storage Security Rules allow you to define how and when to allow
[info] uploads and downloads. You can keep these rules in your project directory
[info] and publish them with firebase deploy.
[info] 
[info] i  Skipping write of storage.rules 
[info] 
=== Database Setup
[info] i  database: ensuring required API firebasedatabase.googleapis.com is enabled... 
[debug] [2025-01-01T20:30:19.371Z] Checked if tokens are valid: true, expires at: 1735766953489
[debug] [2025-01-01T20:30:19.371Z] Checked if tokens are valid: true, expires at: 1735766953489
[debug] [2025-01-01T20:30:19.371Z] >>> [apiv2][query] GET https://serviceusage.googleapis.com/v1/projects/pratishtha-web-app/services/firebasedatabase.googleapis.com [none]
[debug] [2025-01-01T20:30:19.371Z] >>> [apiv2][(partial)header] GET https://serviceusage.googleapis.com/v1/projects/pratishtha-web-app/services/firebasedatabase.googleapis.com x-goog-quota-user=projects/pratishtha-web-app
